Determining if the pthread_create exist failed with the following output:
Change Dir: /home/sundong/Exploring/localplanning/ros_navigation_stack_vrep_simulation/build/msg_transform/CMakeFiles/CMakeTmp

Run Build Command:"/usr/bin/make" "cmTC_21054/fast"
/usr/bin/make -f CMakeFiles/cmTC_21054.dir/build.make CMakeFiles/cmTC_21054.dir/build
make[1]: Entering directory '/home/sundong/Exploring/localplanning/ros_navigation_stack_vrep_simulation/build/msg_transform/CMakeFiles/CMakeTmp'
Building C object CMakeFiles/cmTC_21054.dir/CheckSymbolExists.c.o
/usr/bin/cc     -o CMakeFiles/cmTC_21054.dir/CheckSymbolExists.c.o   -c /home/sundong/Exploring/localplanning/ros_navigation_stack_vrep_simulation/build/msg_transform/CMakeFiles/CMakeTmp/CheckSymbolExists.c
Linking C executable cmTC_21054
/usr/bin/cmake -E cmake_link_script CMakeFiles/cmTC_21054.dir/link.txt --verbose=1
/usr/bin/cc       CMakeFiles/cmTC_21054.dir/CheckSymbolExists.c.o  -o cmTC_21054 -rdynamic 
CMakeFiles/cmTC_21054.dir/CheckSymbolExists.c.o：在函数‘main’中：
CheckSymbolExists.c:(.text+0x16)：对‘pthread_create’未定义的引用
collect2: error: ld returned 1 exit status
CMakeFiles/cmTC_21054.dir/build.make:97: recipe for target 'cmTC_21054' failed
make[1]: *** [cmTC_21054] Error 1
make[1]: Leaving directory '/home/sundong/Exploring/localplanning/ros_navigation_stack_vrep_simulation/build/msg_transform/CMakeFiles/CMakeTmp'
Makefile:126: recipe for target 'cmTC_21054/fast' failed
make: *** [cmTC_21054/fast] Error 2

File /home/sundong/Exploring/localplanning/ros_navigation_stack_vrep_simulation/build/msg_transform/CMakeFiles/CMakeTmp/CheckSymbolExists.c:
/* */
#include <pthread.h>

int main(int argc, char** argv)
{
  (void)argv;
#ifndef pthread_create
  return ((int*)(&pthread_create))[argc];
#else
  (void)argc;
  return 0;
#endif
}

Determining if the function pthread_create exists in the pthreads failed with the following output:
Change Dir: /home/sundong/Exploring/localplanning/ros_navigation_stack_vrep_simulation/build/msg_transform/CMakeFiles/CMakeTmp

Run Build Command:"/usr/bin/make" "cmTC_e6520/fast"
/usr/bin/make -f CMakeFiles/cmTC_e6520.dir/build.make CMakeFiles/cmTC_e6520.dir/build
make[1]: Entering directory '/home/sundong/Exploring/localplanning/ros_navigation_stack_vrep_simulation/build/msg_transform/CMakeFiles/CMakeTmp'
Building C object CMakeFiles/cmTC_e6520.dir/CheckFunctionExists.c.o
/usr/bin/cc    -DCHECK_FUNCTION_EXISTS=pthread_create   -o CMakeFiles/cmTC_e6520.dir/CheckFunctionExists.c.o   -c /usr/share/cmake-3.5/Modules/CheckFunctionExists.c
Linking C executable cmTC_e6520
/usr/bin/cmake -E cmake_link_script CMakeFiles/cmTC_e6520.dir/link.txt --verbose=1
/usr/bin/cc   -DCHECK_FUNCTION_EXISTS=pthread_create    CMakeFiles/cmTC_e6520.dir/CheckFunctionExists.c.o  -o cmTC_e6520 -rdynamic -lpthreads 
/usr/bin/ld: 找不到 -lpthreads
collect2: error: ld returned 1 exit status
CMakeFiles/cmTC_e6520.dir/build.make:97: recipe for target 'cmTC_e6520' failed
make[1]: *** [cmTC_e6520] Error 1
make[1]: Leaving directory '/home/sundong/Exploring/localplanning/ros_navigation_stack_vrep_simulation/build/msg_transform/CMakeFiles/CMakeTmp'
Makefile:126: recipe for target 'cmTC_e6520/fast' failed
make: *** [cmTC_e6520/fast] Error 2


