Determining if the pthread_create exist failed with the following output:
Change Dir: /home/sundong/Exploring/localplanning/ros_navigation_stack_vrep_simulation/build/move_base/CMakeFiles/CMakeTmp

Run Build Command:"/usr/bin/make" "cmTC_72d35/fast"
/usr/bin/make -f CMakeFiles/cmTC_72d35.dir/build.make CMakeFiles/cmTC_72d35.dir/build
make[1]: Entering directory '/home/sundong/Exploring/localplanning/ros_navigation_stack_vrep_simulation/build/move_base/CMakeFiles/CMakeTmp'
Building C object CMakeFiles/cmTC_72d35.dir/CheckSymbolExists.c.o
/usr/bin/cc    -o CMakeFiles/cmTC_72d35.dir/CheckSymbolExists.c.o   -c /home/sundong/Exploring/localplanning/ros_navigation_stack_vrep_simulation/build/move_base/CMakeFiles/CMakeTmp/CheckSymbolExists.c
Linking C executable cmTC_72d35
/opt/cmake-3.9.1/bin/cmake -E cmake_link_script CMakeFiles/cmTC_72d35.dir/link.txt --verbose=1
/usr/bin/cc      -rdynamic CMakeFiles/cmTC_72d35.dir/CheckSymbolExists.c.o  -o cmTC_72d35 
CMakeFiles/cmTC_72d35.dir/CheckSymbolExists.c.o：在函数‘main’中：
CheckSymbolExists.c:(.text+0x16)：对‘pthread_create’未定义的引用
collect2: error: ld returned 1 exit status
CMakeFiles/cmTC_72d35.dir/build.make:97: recipe for target 'cmTC_72d35' failed
make[1]: *** [cmTC_72d35] Error 1
make[1]: Leaving directory '/home/sundong/Exploring/localplanning/ros_navigation_stack_vrep_simulation/build/move_base/CMakeFiles/CMakeTmp'
Makefile:126: recipe for target 'cmTC_72d35/fast' failed
make: *** [cmTC_72d35/fast] Error 2

File /home/sundong/Exploring/localplanning/ros_navigation_stack_vrep_simulation/build/move_base/CMakeFiles/CMakeTmp/CheckSymbolExists.c:
/* */
#include <pthread.h>

int main(int argc, char** argv)
{
  (void)argv;
#ifndef pthread_create
  return ((int*)(&pthread_create))[argc];
#else
  (void)argc;
  return 0;
#endif
}

Determining if the function pthread_create exists in the pthreads failed with the following output:
Change Dir: /home/sundong/Exploring/localplanning/ros_navigation_stack_vrep_simulation/build/move_base/CMakeFiles/CMakeTmp

Run Build Command:"/usr/bin/make" "cmTC_0791e/fast"
/usr/bin/make -f CMakeFiles/cmTC_0791e.dir/build.make CMakeFiles/cmTC_0791e.dir/build
make[1]: Entering directory '/home/sundong/Exploring/localplanning/ros_navigation_stack_vrep_simulation/build/move_base/CMakeFiles/CMakeTmp'
Building C object CMakeFiles/cmTC_0791e.dir/CheckFunctionExists.c.o
/usr/bin/cc   -DCHECK_FUNCTION_EXISTS=pthread_create   -o CMakeFiles/cmTC_0791e.dir/CheckFunctionExists.c.o   -c /opt/cmake-3.9.1/share/cmake-3.9/Modules/CheckFunctionExists.c
Linking C executable cmTC_0791e
/opt/cmake-3.9.1/bin/cmake -E cmake_link_script CMakeFiles/cmTC_0791e.dir/link.txt --verbose=1
/usr/bin/cc  -DCHECK_FUNCTION_EXISTS=pthread_create    -rdynamic CMakeFiles/cmTC_0791e.dir/CheckFunctionExists.c.o  -o cmTC_0791e -lpthreads 
/usr/bin/ld: 找不到 -lpthreads
collect2: error: ld returned 1 exit status
CMakeFiles/cmTC_0791e.dir/build.make:97: recipe for target 'cmTC_0791e' failed
make[1]: *** [cmTC_0791e] Error 1
make[1]: Leaving directory '/home/sundong/Exploring/localplanning/ros_navigation_stack_vrep_simulation/build/move_base/CMakeFiles/CMakeTmp'
Makefile:126: recipe for target 'cmTC_0791e/fast' failed
make: *** [cmTC_0791e/fast] Error 2


